<?xml version="1.0" encoding="UTF-8"?>
<testng-results skipped="0" failed="0" ignored="0" total="1" passed="1">
  <reporter-output>
  </reporter-output>
  <suite name="Default Suite" duration-ms="19466" started-at="2021-11-21T03:45:59 GMT" finished-at="2021-11-21T03:46:18 GMT">
    <groups>
      <group name="cucumber">
        <method signature="AbstractTestNGCucumberTests.runScenario(cucumber.api.testng.PickleEventWrapper, cucumber.api.testng.CucumberFeatureWrapper)[pri:0, instance:runner.RunDemoTest@31ef45e3]" name="runScenario" class="cucumber.api.testng.AbstractTestNGCucumberTests"/>
      </group> <!-- cucumber -->
    </groups>
    <test name="AssessmentDemo" duration-ms="19466" started-at="2021-11-21T03:45:59 GMT" finished-at="2021-11-21T03:46:18 GMT">
      <class name="runner.RunDemoTest">
        <test-method status="PASS" signature="setUpClass()[pri:0, instance:runner.RunDemoTest@31ef45e3]" name="setUpClass" is-config="true" duration-ms="81" started-at="2021-11-21T03:45:59 GMT" finished-at="2021-11-21T03:45:59 GMT">
          <reporter-output>
          </reporter-output>
        </test-method> <!-- setUpClass -->
        <test-method status="PASS" signature="beforeRun()[pri:0, instance:runner.RunDemoTest@31ef45e3]" name="beforeRun" is-config="true" duration-ms="79" started-at="2021-11-21T03:45:59 GMT" finished-at="2021-11-21T03:45:59 GMT">
          <reporter-output>
          </reporter-output>
        </test-method> <!-- beforeRun -->
        <test-method status="PASS" signature="beforeHook()[pri:0, instance:runner.RunDemoTest@31ef45e3]" name="beforeHook" is-config="true" duration-ms="1815" started-at="2021-11-21T03:45:59 GMT" finished-at="2021-11-21T03:46:01 GMT">
          <reporter-output>
          </reporter-output>
        </test-method> <!-- beforeHook -->
        <test-method status="PASS" signature="runScenario(cucumber.api.testng.PickleEventWrapper, cucumber.api.testng.CucumberFeatureWrapper)[pri:0, instance:runner.RunDemoTest@31ef45e3]" name="runScenario" duration-ms="16100" started-at="2021-11-21T03:46:01 GMT" description="Runs Cucumber Scenarios" data-provider="scenarios" finished-at="2021-11-21T03:46:17 GMT">
          <params>
            <param index="0">
              <value>
                <![CDATA["Add multiple items in a wishlist and move lowest price item to cart"]]>
              </value>
            </param>
            <param index="1">
              <value>
                <![CDATA["Testing a wishlist feature"]]>
              </value>
            </param>
          </params>
          <reporter-output>
          </reporter-output>
        </test-method> <!-- runScenario -->
        <test-method status="PASS" signature="afterHook()[pri:0, instance:runner.RunDemoTest@31ef45e3]" name="afterHook" is-config="true" duration-ms="1079" started-at="2021-11-21T03:46:17 GMT" finished-at="2021-11-21T03:46:18 GMT">
          <reporter-output>
          </reporter-output>
        </test-method> <!-- afterHook -->
        <test-method status="PASS" signature="afterRun()[pri:0, instance:runner.RunDemoTest@31ef45e3]" name="afterRun" is-config="true" duration-ms="250" started-at="2021-11-21T03:46:18 GMT" finished-at="2021-11-21T03:46:18 GMT">
          <reporter-output>
          </reporter-output>
        </test-method> <!-- afterRun -->
        <test-method status="PASS" signature="tearDownClass()[pri:0, instance:runner.RunDemoTest@31ef45e3]" name="tearDownClass" is-config="true" duration-ms="16" started-at="2021-11-21T03:46:18 GMT" finished-at="2021-11-21T03:46:18 GMT">
          <reporter-output>
          </reporter-output>
        </test-method> <!-- tearDownClass -->
      </class> <!-- runner.RunDemoTest -->
    </test> <!-- AssessmentDemo -->
  </suite> <!-- Default Suite -->
</testng-results>
